<?xml version="1.0" encoding="UTF-8"?>
<!-- Generated by org.testng.reporters.JUnitReportReporter -->
<testsuite skipped="0" hostname="Anandit" name="com.gmc.tests.member.MemberMyProfileTest" tests="3" failures="0" timestamp="05 Oct 2018 10:31:18 GMT" time="11.138" errors="0">
  <testcase name="updateAlteranateEmail" time="3.697" classname="com.gmc.tests.member.MemberMyProfileTest"/>
  <testcase name="updatePassword" time="3.638" classname="com.gmc.tests.member.MemberMyProfileTest"/>
  <testcase name="updateMobileNo" time="3.803" classname="com.gmc.tests.member.MemberMyProfileTest"/>
</testsuite> <!-- com.gmc.tests.member.MemberMyProfileTest -->
