<?xml version="1.0" encoding="UTF-8"?>
<!-- Generated by org.testng.reporters.JUnitReportReporter -->
<testsuite skipped="2" hostname="Anandit" name="com.gmc.tests.member.MemberEnrollmentTest" tests="3" failures="0" timestamp="05 Oct 2018 11:18:17 GMT" time="3.141" errors="0">
  <testcase name="VerifyNetworkHospitalsLink" time="3.141" classname="com.gmc.tests.member.MemberEnrollmentTest"/>
  <testcase name="DownloadEcard" classname="com.gmc.tests.member.MemberEnrollmentTest">
    <skipped/>
  </testcase> <!-- DownloadEcard -->
  <testcase name="DependentDetailsTest" classname="com.gmc.tests.member.MemberEnrollmentTest">
    <skipped/>
  </testcase> <!-- DependentDetailsTest -->
</testsuite> <!-- com.gmc.tests.member.MemberEnrollmentTest -->
