<?xml version="1.0" encoding="UTF-8"?>
<!-- Generated by org.testng.reporters.JUnitReportReporter -->
<testsuite skipped="0" hostname="Anandit" name="com.gmc.tests.member.MemberDependentTest" tests="4" failures="0" timestamp="07 Oct 2018 05:26:10 GMT" time="0.011" errors="0">
  <testcase name="addDependents" time="0.001" classname="com.gmc.tests.member.MemberDependentTest"/>
  <testcase name="addDependents" time="0.008" classname="com.gmc.tests.member.MemberDependentTest"/>
  <testcase name="addDependents" time="0.001" classname="com.gmc.tests.member.MemberDependentTest"/>
  <testcase name="addDependents" time="0.001" classname="com.gmc.tests.member.MemberDependentTest"/>
</testsuite> <!-- com.gmc.tests.member.MemberDependentTest -->
