<?xml version="1.0" encoding="UTF-8"?>
<!-- Generated by org.testng.reporters.JUnitReportReporter -->
<testsuite skipped="0" hostname="Anandit" name="com.gmc.tests.admin.AdminBulkEmailsTest" tests="1" failures="0" timestamp="28 Sep 2018 07:29:59 GMT" time="16.082" errors="0">
  <testcase name="excelImport" time="16.082" classname="com.gmc.tests.admin.AdminBulkEmailsTest"/>
</testsuite> <!-- com.gmc.tests.admin.AdminBulkEmailsTest -->
