<?xml version="1.0" encoding="UTF-8"?>
<!-- Generated by org.testng.reporters.JUnitReportReporter -->
<testsuite skipped="0" hostname="Anandit" name="com.gmc.tests.admin.SendWelcomeEmailTest" tests="4" failures="0" timestamp="25 Sep 2018 08:50:28 GMT" time="11.649" errors="0">
  <testcase name="sendEmail" time="3.745" classname="com.gmc.tests.admin.SendWelcomeEmailTest"/>
  <testcase name="sendEmail" time="3.112" classname="com.gmc.tests.admin.SendWelcomeEmailTest"/>
  <testcase name="sendEmail" time="2.138" classname="com.gmc.tests.admin.SendWelcomeEmailTest"/>
  <testcase name="sendEmail" time="2.654" classname="com.gmc.tests.admin.SendWelcomeEmailTest"/>
</testsuite> <!-- com.gmc.tests.admin.SendWelcomeEmailTest -->
