<?xml version="1.0" encoding="UTF-8"?>
<!-- Generated by org.testng.reporters.JUnitReportReporter -->
<testsuite skipped="0" hostname="Anandit" name="com.gmc.tests.admin.SendWelcomeEmailTest" tests="4" failures="0" timestamp="27 Sep 2018 09:51:51 GMT" time="15.008" errors="0">
  <testcase name="sendEmail" time="4.965" classname="com.gmc.tests.admin.SendWelcomeEmailTest"/>
  <testcase name="sendEmail" time="2.675" classname="com.gmc.tests.admin.SendWelcomeEmailTest"/>
  <testcase name="sendEmail" time="3.750" classname="com.gmc.tests.admin.SendWelcomeEmailTest"/>
  <testcase name="sendEmail" time="3.618" classname="com.gmc.tests.admin.SendWelcomeEmailTest"/>
</testsuite> <!-- com.gmc.tests.admin.SendWelcomeEmailTest -->
