<?xml version="1.0" encoding="UTF-8"?>
<!-- Generated by org.testng.reporters.JUnitReportReporter -->
<testsuite skipped="0" hostname="Anandit" name="com.gmc.tests.admin.AdminLoginTest" tests="2" failures="0" timestamp="05 Oct 2018 09:52:19 GMT" time="1.251" errors="0">
  <testcase name="invalidUsername" time="0.649" classname="com.gmc.tests.admin.AdminLoginTest"/>
  <testcase name="validloginTest" time="0.602" classname="com.gmc.tests.admin.AdminLoginTest"/>
</testsuite> <!-- com.gmc.tests.admin.AdminLoginTest -->
