<?xml version="1.0" encoding="UTF-8"?>
<!-- Generated by org.testng.reporters.JUnitReportReporter -->
<testsuite skipped="0" hostname="Anandit" name="com.gmc.tests.member.MemberLoginTest" tests="3" failures="0" timestamp="04 Oct 2018 06:14:20 GMT" time="2.442" errors="0">
  <testcase name="invalidPassword" time="0.704" classname="com.gmc.tests.member.MemberLoginTest"/>
  <testcase name="validloginTest" time="0.904" classname="com.gmc.tests.member.MemberLoginTest"/>
  <testcase name="invalidUsername" time="0.834" classname="com.gmc.tests.member.MemberLoginTest"/>
</testsuite> <!-- com.gmc.tests.member.MemberLoginTest -->
