<?xml version="1.0" encoding="UTF-8"?>
<!-- Generated by org.testng.reporters.JUnitReportReporter -->
<testsuite skipped="0" hostname="Anandit" name="com.gmc.tests.admin.AdminExcelImportTest" tests="1" failures="0" timestamp="28 Sep 2018 05:12:51 GMT" time="13.029" errors="0">
  <testcase name="excelImport" time="13.029" classname="com.gmc.tests.admin.AdminExcelImportTest"/>
</testsuite> <!-- com.gmc.tests.admin.AdminExcelImportTest -->
