<?xml version="1.0" encoding="UTF-8"?>
<!-- Generated by org.testng.reporters.JUnitReportReporter -->
<testsuite skipped="0" hostname="Anandit" name="com.gmc.tests.member.MemberRaiseQueryTest" tests="1" failures="0" timestamp="05 Oct 2018 12:16:49 GMT" time="5.923" errors="0">
  <testcase name="raiseAQuery" time="5.923" classname="com.gmc.tests.member.MemberRaiseQueryTest"/>
</testsuite> <!-- com.gmc.tests.member.MemberRaiseQueryTest -->
