<?xml version="1.0" encoding="UTF-8"?>
<!-- Generated by org.testng.reporters.JUnitReportReporter -->
<testsuite skipped="2" hostname="Anandit" name="com.gmc.tests.admin.AdminSearchEmployeeTest" tests="4" failures="0" timestamp="25 Oct 2018 10:03:02 GMT" time="17.657" errors="0">
  <testcase name="searchEmp" time="6.237" classname="com.gmc.tests.admin.AdminSearchEmployeeTest"/>
  <testcase name="ChangeEmailID" time="11.420" classname="com.gmc.tests.admin.AdminSearchEmployeeTest"/>
  <testcase name="ChangeMobileNo" classname="com.gmc.tests.admin.AdminSearchEmployeeTest">
    <skipped/>
  </testcase> <!-- ChangeMobileNo -->
  <testcase name="downloadEcard" classname="com.gmc.tests.admin.AdminSearchEmployeeTest">
    <skipped/>
  </testcase> <!-- downloadEcard -->
</testsuite> <!-- com.gmc.tests.admin.AdminSearchEmployeeTest -->
