<?xml version="1.0" encoding="UTF-8"?>
<!-- Generated by org.testng.reporters.JUnitReportReporter -->
<testsuite skipped="1" hostname="Anandit" name="com.gmc.tests.admin.AdminExcelImportTest" tests="2" failures="0" timestamp="08 Oct 2018 10:09:09 GMT" time="17.951" errors="0">
  <testcase name="excelImport" time="17.951" classname="com.gmc.tests.admin.AdminExcelImportTest"/>
  <testcase name="VerifyExcelFileDownload" classname="com.gmc.tests.admin.AdminExcelImportTest">
    <skipped/>
  </testcase> <!-- VerifyExcelFileDownload -->
</testsuite> <!-- com.gmc.tests.admin.AdminExcelImportTest -->
