<?xml version="1.0" encoding="UTF-8"?>
<!-- Generated by org.testng.reporters.JUnitReportReporter -->
<testsuite skipped="0" hostname="Anandit" name="com.gmc.tests.admin.AdminResetEmployeeTest" tests="1" failures="0" timestamp="27 Sep 2018 09:54:37 GMT" time="6.056" errors="0">
  <testcase name="searchEmp" time="6.056" classname="com.gmc.tests.admin.AdminResetEmployeeTest"/>
</testsuite> <!-- com.gmc.tests.admin.AdminResetEmployeeTest -->
