<?xml version="1.0" encoding="UTF-8"?>
<!-- Generated by org.testng.reporters.JUnitReportReporter -->
<testsuite skipped="8" hostname="Anandit" name="com.gmc.tests.member.MemberEnrollmentTest" tests="9" failures="0" timestamp="08 Oct 2018 09:15:00 GMT" time="6.265" errors="1">
  <testcase name="setUp" time="6.265" classname="com.gmc.tests.member.MemberEnrollmentTest">
    <error type="org.openqa.selenium.TimeoutException" message="Expected condition failed: waiting for presence of element located by: By.id: ContentPlaceHolder1_btnAccpet (tried for 5 second(s) with 500 milliseconds interval)">
      <![CDATA[org.openqa.selenium.TimeoutException: Expected condition failed: waiting for presence of element located by: By.id: ContentPlaceHolder1_btnAccpet (tried for 5 second(s) with 500 milliseconds interval)
at org.openqa.selenium.support.ui.WebDriverWait.timeoutException(WebDriverWait.java:113)
at org.openqa.selenium.support.ui.FluentWait.until(FluentWait.java:283)
at com.gmc.pageobjects.member.MemberHomePage.clickNextBtnAfterLogin(MemberHomePage.java:42)
at com.gmc.tests.member.MemberEnrollmentTest.setUp(MemberEnrollmentTest.java:40)
at sun.reflect.NativeMethodAccessorImpl.invoke0(Native Method)
at sun.reflect.NativeMethodAccessorImpl.invoke(Unknown Source)
at sun.reflect.DelegatingMethodAccessorImpl.invoke(Unknown Source)
at java.lang.reflect.Method.invoke(Unknown Source)
at org.testng.internal.MethodInvocationHelper.invokeMethod(MethodInvocationHelper.java:124)
at org.testng.internal.MethodInvocationHelper.invokeMethodConsideringTimeout(MethodInvocationHelper.java:59)
at org.testng.internal.Invoker.invokeConfigurationMethod(Invoker.java:458)
at org.testng.internal.Invoker.invokeConfigurations(Invoker.java:222)
at org.testng.internal.Invoker.invokeConfigurations(Invoker.java:142)
at org.testng.internal.TestMethodWorker.invokeBeforeClassMethods(TestMethodWorker.java:168)
at org.testng.internal.TestMethodWorker.run(TestMethodWorker.java:105)
at org.testng.TestRunner.privateRun(TestRunner.java:648)
at org.testng.TestRunner.run(TestRunner.java:505)
at org.testng.SuiteRunner.runTest(SuiteRunner.java:455)
at org.testng.SuiteRunner.runSequentially(SuiteRunner.java:450)
at org.testng.SuiteRunner.privateRun(SuiteRunner.java:415)
at org.testng.SuiteRunner.run(SuiteRunner.java:364)
at org.testng.SuiteRunnerWorker.runSuite(SuiteRunnerWorker.java:52)
at org.testng.SuiteRunnerWorker.run(SuiteRunnerWorker.java:84)
at org.testng.TestNG.runSuitesSequentially(TestNG.java:1208)
at org.testng.TestNG.runSuitesLocally(TestNG.java:1137)
at org.testng.TestNG.runSuites(TestNG.java:1049)
at org.testng.TestNG.run(TestNG.java:1017)
at org.testng.remote.AbstractRemoteTestNG.run(AbstractRemoteTestNG.java:114)
at org.testng.remote.RemoteTestNG.initAndRun(RemoteTestNG.java:251)
at org.testng.remote.RemoteTestNG.main(RemoteTestNG.java:77)
Caused by: org.openqa.selenium.NoSuchElementException: Cannot locate an element using By.id: ContentPlaceHolder1_btnAccpet
For documentation on this error, please visit: http://seleniumhq.org/exceptions/no_such_element.html
Build info: version: '3.14.0', revision: 'aacccce0', time: '2018-08-02T20:19:58.91Z'
System info: host: 'ANANDIT', ip: '192.168.200.80', os.name: 'Windows 7', os.arch: 'x86', os.version: '6.1', java.version: '1.8.0_181'
Driver info: driver.version: unknown
at org.openqa.selenium.support.ui.ExpectedConditions.lambda$findElement$0(ExpectedConditions.java:896)
at java.util.Optional.orElseThrow(Unknown Source)
at org.openqa.selenium.support.ui.ExpectedConditions.findElement(ExpectedConditions.java:895)
at org.openqa.selenium.support.ui.ExpectedConditions.access$000(ExpectedConditions.java:44)
at org.openqa.selenium.support.ui.ExpectedConditions$6.apply(ExpectedConditions.java:183)
at org.openqa.selenium.support.ui.ExpectedConditions$6.apply(ExpectedConditions.java:180)
at org.openqa.selenium.support.ui.FluentWait.until(FluentWait.java:260)
... 28 more
]]>
    </error>
  </testcase> <!-- setUp -->
  <testcase name="VerifyLogoutLink" time="0.000" classname="com.gmc.tests.member.MemberEnrollmentTest">
    <skipped/>
  </testcase> <!-- VerifyLogoutLink -->
  <testcase name="VerifyNetworkHospitalsLink" classname="com.gmc.tests.member.MemberEnrollmentTest">
    <skipped/>
  </testcase> <!-- VerifyNetworkHospitalsLink -->
  <testcase name="VerifyContactUsLink" classname="com.gmc.tests.member.MemberEnrollmentTest">
    <skipped/>
  </testcase> <!-- VerifyContactUsLink -->
  <testcase name="addDependents" classname="com.gmc.tests.member.MemberEnrollmentTest">
    <skipped/>
  </testcase> <!-- addDependents -->
  <testcase name="DownloadEcard" classname="com.gmc.tests.member.MemberEnrollmentTest">
    <skipped/>
  </testcase> <!-- DownloadEcard -->
  <testcase name="VerifyPolicyDetailsLink" classname="com.gmc.tests.member.MemberEnrollmentTest">
    <skipped/>
  </testcase> <!-- VerifyPolicyDetailsLink -->
  <testcase name="VerifyGuidelinesLink" classname="com.gmc.tests.member.MemberEnrollmentTest">
    <skipped/>
  </testcase> <!-- VerifyGuidelinesLink -->
  <testcase name="VerifyFAQLink" classname="com.gmc.tests.member.MemberEnrollmentTest">
    <skipped/>
  </testcase> <!-- VerifyFAQLink -->
</testsuite> <!-- com.gmc.tests.member.MemberEnrollmentTest -->
