<?xml version="1.0" encoding="UTF-8"?>
<!-- Generated by org.testng.reporters.JUnitReportReporter -->
<testsuite skipped="0" hostname="Anandit" name="com.gmc.tests.admin.SendConfirmationEmailTest" tests="4" failures="0" timestamp="27 Sep 2018 12:13:48 GMT" time="10.691" errors="0">
  <testcase name="sendEmail" time="1.903" classname="com.gmc.tests.admin.SendConfirmationEmailTest"/>
  <testcase name="sendEmail" time="3.022" classname="com.gmc.tests.admin.SendConfirmationEmailTest"/>
  <testcase name="sendEmail" time="2.626" classname="com.gmc.tests.admin.SendConfirmationEmailTest"/>
  <testcase name="sendEmail" time="3.140" classname="com.gmc.tests.admin.SendConfirmationEmailTest"/>
</testsuite> <!-- com.gmc.tests.admin.SendConfirmationEmailTest -->
