<?xml version="1.0" encoding="UTF-8"?>
<!-- Generated by org.testng.reporters.JUnitReportReporter -->
<testsuite skipped="0" hostname="Anandit" name="com.gmc.tests.admin.AdminLoginTest" tests="2" failures="0" timestamp="12 Oct 2018 12:12:08 GMT" time="10.334" errors="0">
  <testcase name="invalidUsername" time="6.194" classname="com.gmc.tests.admin.AdminLoginTest"/>
  <testcase name="validloginTest" time="4.140" classname="com.gmc.tests.admin.AdminLoginTest"/>
</testsuite> <!-- com.gmc.tests.admin.AdminLoginTest -->
