<?xml version="1.0" encoding="UTF-8"?>
<!-- Generated by org.testng.reporters.JUnitReportReporter -->
<testsuite skipped="0" hostname="Anandit" name="com.gmc.tests.admin.AdminLoginTest" tests="2" failures="0" timestamp="27 Sep 2018 09:17:43 GMT" time="1.047" errors="0">
  <testcase name="invalidUsername" time="0.735" classname="com.gmc.tests.admin.AdminLoginTest"/>
  <testcase name="validloginTest" time="0.312" classname="com.gmc.tests.admin.AdminLoginTest"/>
</testsuite> <!-- com.gmc.tests.admin.AdminLoginTest -->
